# JRE version: OpenJDK Runtime Environment (11.0.12+7) (build 11.0.12+7-b1504.28-7817840)
# Java VM: OpenJDK 64-Bit Server VM (11.0.12+7-b1504.28-7817840, mixed mode, tiered, compressed oops, g1 gc, windows-amd64)
Heap:
 garbage-first heap   total 229376K, used 88461K [0x0000000080000000, 0x0000000100000000)
  region size 1024K, 21 young (21504K), 3 survivors (3072K)
 Metaspace       used 61005K, capacity 62803K, committed 63104K, reserved 1103872K
  class space    used 7858K, capacity 8493K, committed 8576K, reserved 1048576K
GC Heap History (14 events):
Event: 0.710 GC heap before
{Heap before GC invocations=0 (full 0):
 garbage-first heap   total 229376K, used 30720K [0x0000000080000000, 0x0000000100000000)
  region size 1024K, 24 young (24576K), 0 survivors (0K)
 Metaspace       used 10224K, capacity 10431K, committed 10624K, reserved 1058816K
  class space    used 1071K, capacity 1141K, committed 1152K, reserved 1048576K
}
Event: 0.714 GC heap after
{Heap after GC invocations=1 (full 0):
 garbage-first heap   total 229376K, used 9618K [0x0000000080000000, 0x0000000100000000)
  region size 1024K, 3 young (3072K), 3 survivors (3072K)
 Metaspace       used 10224K, capacity 10431K, committed 10624K, reserved 1058816K
  class space    used 1071K, capacity 1141K, committed 1152K, reserved 1048576K
}
Event: 2.813 GC heap before
{Heap before GC invocations=1 (full 0):
 garbage-first heap   total 229376K, used 110994K [0x0000000080000000, 0x0000000100000000)
  region size 1024K, 103 young (105472K), 3 survivors (3072K)
 Metaspace       used 20749K, capacity 21158K, committed 21248K, reserved 1067008K
  class space    used 2552K, capacity 2729K, committed 2816K, reserved 1048576K
}
Event: 2.823 GC heap after
{Heap after GC invocations=2 (full 0):
 garbage-first heap   total 229376K, used 16981K [0x0000000080000000, 0x0000000100000000)
  region size 1024K, 11 young (11264K), 11 survivors (11264K)
 Metaspace       used 20749K, capacity 21158K, committed 21248K, reserved 1067008K
  class space    used 2552K, capacity 2729K, committed 2816K, reserved 1048576K
}
Event: 3.063 GC heap before
{Heap before GC invocations=3 (full 0):
 garbage-first heap   total 229376K, used 38485K [0x0000000080000000, 0x0000000100000000)
  region size 1024K, 32 young (32768K), 11 survivors (11264K)
 Metaspace       used 23024K, capacity 23641K, committed 23936K, reserved 1071104K
  class space    used 2907K, capacity 3115K, committed 3200K, reserved 1048576K
}
Event: 3.069 GC heap after
{Heap after GC invocations=4 (full 0):
 garbage-first heap   total 229376K, used 17607K [0x0000000080000000, 0x0000000100000000)
  region size 1024K, 1 young (1024K), 1 survivors (1024K)
 Metaspace       used 23024K, capacity 23641K, committed 23936K, reserved 1071104K
  class space    used 2907K, capacity 3115K, committed 3200K, reserved 1048576K
}
Event: 4.649 GC heap before
{Heap before GC invocations=4 (full 0):
 garbage-first heap   total 229376K, used 142535K [0x0000000080000000, 0x0000000100000000)
  region size 1024K, 114 young (116736K), 1 survivors (1024K)
 Metaspace       used 34765K, capacity 35657K, committed 35840K, reserved 1079296K
  class space    used 4648K, capacity 4994K, committed 5120K, reserved 1048576K
}
Event: 4.658 GC heap after
{Heap after GC invocations=5 (full 0):
 garbage-first heap   total 229376K, used 34810K [0x0000000080000000, 0x0000000100000000)
  region size 1024K, 8 young (8192K), 8 survivors (8192K)
 Metaspace       used 34765K, capacity 35657K, committed 35840K, reserved 1079296K
  class space    used 4648K, capacity 4994K, committed 5120K, reserved 1048576K
}
Event: 6.183 GC heap before
{Heap before GC invocations=6 (full 0):
 garbage-first heap   total 229376K, used 162810K [0x0000000080000000, 0x0000000100000000)
  region size 1024K, 126 young (129024K), 8 survivors (8192K)
 Metaspace       used 45923K, capacity 47166K, committed 47360K, reserved 1089536K
  class space    used 5832K, capacity 6300K, committed 6400K, reserved 1048576K
}
Event: 6.195 GC heap after
{Heap after GC invocations=7 (full 0):
 garbage-first heap   total 229376K, used 47848K [0x0000000080000000, 0x0000000100000000)
  region size 1024K, 16 young (16384K), 16 survivors (16384K)
 Metaspace       used 45923K, capacity 47166K, committed 47360K, reserved 1089536K
  class space    used 5832K, capacity 6300K, committed 6400K, reserved 1048576K
}
Event: 8.473 GC heap before
{Heap before GC invocations=7 (full 0):
 garbage-first heap   total 229376K, used 175848K [0x0000000080000000, 0x0000000100000000)
  region size 1024K, 133 young (136192K), 16 survivors (16384K)
 Metaspace       used 51689K, capacity 53286K, committed 53376K, reserved 1095680K
  class space    used 6685K, capacity 7244K, committed 7296K, reserved 1048576K
}
Event: 8.487 GC heap after
{Heap after GC invocations=8 (full 0):
 garbage-first heap   total 229376K, used 68699K [0x0000000080000000, 0x0000000100000000)
  region size 1024K, 13 young (13312K), 13 survivors (13312K)
 Metaspace       used 51689K, capacity 53286K, committed 53376K, reserved 1095680K
  class space    used 6685K, capacity 7244K, committed 7296K, reserved 1048576K
}
Event: 9.144 GC heap before
{Heap before GC invocations=8 (full 0):
 garbage-first heap   total 229376K, used 116827K [0x0000000080000000, 0x0000000100000000)
  region size 1024K, 61 young (62464K), 13 survivors (13312K)
 Metaspace       used 58508K, capacity 60137K, committed 60160K, reserved 1101824K
  class space    used 7503K, capacity 8056K, committed 8064K, reserved 1048576K
}
Event: 9.160 GC heap after
{Heap after GC invocations=9 (full 0):
 garbage-first heap   total 229376K, used 71053K [0x0000000080000000, 0x0000000100000000)
  region size 1024K, 3 young (3072K), 3 survivors (3072K)
 Metaspace       used 58508K, capacity 60137K, committed 60160K, reserved 1101824K
  class space    used 7503K, capacity 8056K, committed 8064K, reserved 1048576K
}

